ncelab(64): 15.20-s086: (c) Copyright 1995-2020 Cadence Design Systems, Inc.
TOOL:	ncelab(64)	15.20-s086: Started on May 14, 2026 at 06:41:30 IST
ncelab
    tb_distributed_cla_adder
    -mess

	Elaborating the design hierarchy:
		Caching library 'worklib' ....... Done
	Building instance overlay tables: .................... Done
	Generating native compiled code:
		worklib.carry_lookahead_network:module <0x7dc57e69>
			streams:  38, words:  9341
		worklib.distributed_cla_adder:module <0x53fa318c>
			streams:   1, words:   256
		worklib.gp_cell:module <0x239e05a1>
			streams:   0, words:     0
		worklib.tb_distributed_cla_adder:module <0x3a0a400b>
			streams:   6, words:  9232
	Building instance specific data structures.
	Loading native compiled code:     .................... Done
	Design hierarchy summary:
		               Instances  Unique
		Modules:              11       4
		Registers:             9       9
		Scalar wires:        107       -
		Expanded wires:       16       2
		Initial blocks:        2       2
		Cont. assignments:    88      10
		Pseudo assignments:    3       3
	Writing initial simulation snapshot: worklib.tb_distributed_cla_adder:module
TOOL:	ncelab(64)	15.20-s086: Exiting on May 14, 2026 at 06:41:30 IST  (total: 00:00:00)
