ncsim(64): 15.20-s086: (c) Copyright 1995-2020 Cadence Design Systems, Inc.
TOOL:	ncsim(64)	15.20-s086: Started on May 14, 2026 at 06:41:37 IST
ncsim
    tb_distributed_cla_adder
    -mess

Loading snapshot worklib.tb_distributed_cla_adder:module .................... Done
ncsim> run
=== Distributed CLA Adder — 10-case testbench ===

PASS                     T01 zero+zero | a=0x00 b=0x00 cin=0 | result=0x000
PASS                 T02 zero+zero+cin | a=0x00 b=0x00 cin=1 | result=0x001
PASS              T03 full carry chain | a=0xff b=0x01 cin=0 | result=0x100
PASS                  T04 max overflow | a=0xff b=0xff cin=1 | result=0x1ff
PASS          T05 all-propagate no cin | a=0xaa b=0x55 cin=0 | result=0x0ff
PASS           T06 all-propagate cin=1 | a=0xaa b=0x55 cin=1 | result=0x100
PASS              T07 nibble isolation | a=0xf0 b=0x0f cin=0 | result=0x0ff
PASS         T08 low-nibble carry only | a=0x0f b=0x01 cin=0 | result=0x010
PASS                  T09 MSB generate | a=0x80 b=0x80 cin=0 | result=0x100
PASS             T10 mixed G/P pattern | a=0x6c b=0x4b cin=1 | result=0x0b8

=== 10 / 10 passed ===
ALL PASSED
Simulation complete via $finish(1) at time 50 NS + 0
./cla_tb.v:77         $finish;
ncsim> exit
TOOL:	ncsim(64)	15.20-s086: Exiting on May 14, 2026 at 06:41:38 IST  (total: 00:00:01)
